This is pdfTeX, Version 3.141592653-2.6-1.40.25 (TeX Live 2023/Debian) (preloaded format=pdflatex 2025.5.21)  21 MAY 2025 10:54
entering extended mode
 restricted \write18 enabled.
 %&-line parsing enabled.
**refman
(./refman.tex
LaTeX2e <2023-11-01> patch level 1
L3 programming layer <2024-01-22>
(/usr/share/texlive/texmf-dist/tex/latex/base/book.cls
Document Class: book 2023/05/17 v1.4n Standard LaTeX document class
(/usr/share/texlive/texmf-dist/tex/latex/base/bk10.clo
File: bk10.clo 2023/05/17 v1.4n Standard LaTeX file (size option)
)
\c@part=\count187
\c@chapter=\count188
\c@section=\count189
\c@subsection=\count190
\c@subsubsection=\count191
\c@paragraph=\count192
\c@subparagraph=\count193
\c@figure=\count194
\c@table=\count195
\abovecaptionskip=\skip48
\belowcaptionskip=\skip49
\bibindent=\dimen140
)
(/usr/share/texlive/texmf-dist/tex/latex/base/ifthen.sty
Package: ifthen 2022/04/13 v1.1d Standard LaTeX ifthen package (DPC)
)
(/usr/share/texlive/texmf-dist/tex/latex/tools/array.sty
Rollback for package 'array' requested -> date 2016-10-06.
         Best approximation is the release introduced on 2016-10-06.

(/usr/share/texlive/texmf-dist/tex/latex/tools/array-2016-10-06.sty
Package: array 2016/10/06 v2.4d Tabular extension package (FMi)
\col@sep=\dimen141
\extrarowheight=\dimen142
\NC@list=\toks17
\extratabsurround=\skip50
\backup@length=\skip51
))
(/usr/share/texlive/texmf-dist/tex/generic/infwarerr/infwarerr.sty
package info suppressed
)
(./doxygen.sty
Package: doxygen 
 (/usr/share/texlive/texmf-dist/tex/latex/base/alltt.sty
Package: alltt 2021/01/29 v2.0g defines alltt environment
)
(/usr/share/texlive/texmf-dist/tex/latex/tools/calc.sty
Package: calc 2023/07/08 v4.3 Infix arithmetic (KKT,FJ)
\calc@Acount=\count196
\calc@Bcount=\count197
\calc@Adimen=\dimen143
\calc@Bdimen=\dimen144
\calc@Askip=\skip52
\calc@Bskip=\skip53
LaTeX Info: Redefining \setlength on input line 80.
LaTeX Info: Redefining \addtolength on input line 81.
\calc@Ccount=\count198
\calc@Cskip=\skip54
)
(/usr/share/texlive/texmf-dist/tex/latex/float/float.sty
Package: float 2001/11/08 v1.3d Float enhancements (AL)
\c@float@type=\count199
\float@exts=\toks18
\float@box=\box51
\@float@everytoks=\toks19
\@floatcapt=\box52
)
(/usr/share/texlive/texmf-dist/tex/latex/tools/verbatim.sty
Package: verbatim 2023-11-06 v1.5v LaTeX2e package for verbatim enhancements
\every@verbatim=\toks20
\verbatim@line=\toks21
\verbatim@in@stream=\read2
)
(/usr/share/texlive/texmf-dist/tex/latex/xcolor/xcolor.sty
Package: xcolor 2023/11/15 v3.01 LaTeX color extensions (UK)

(/usr/share/texlive/texmf-dist/tex/latex/graphics-cfg/color.cfg
File: color.cfg 2016/01/02 v1.6 sample color configuration
)
Package xcolor Info: Driver file: pdftex.def on input line 274.

(/usr/share/texlive/texmf-dist/tex/latex/graphics-def/pdftex.def
File: pdftex.def 2022/09/22 v1.2b Graphics/color driver for pdftex
)
(/usr/share/texlive/texmf-dist/tex/latex/graphics/mathcolor.ltx)
Package xcolor Info: Model `cmy' substituted by `cmy0' on input line 1350.
Package xcolor Info: Model `hsb' substituted by `rgb' on input line 1354.
Package xcolor Info: Model `RGB' extended on input line 1366.
Package xcolor Info: Model `HTML' substituted by `rgb' on input line 1368.
Package xcolor Info: Model `Hsb' substituted by `hsb' on input line 1369.
Package xcolor Info: Model `tHsb' substituted by `hsb' on input line 1370.
Package xcolor Info: Model `HSB' substituted by `hsb' on input line 1371.
Package xcolor Info: Model `Gray' substituted by `gray' on input line 1372.
Package xcolor Info: Model `wave' substituted by `hsb' on input line 1373.
)
(/usr/share/texlive/texmf-dist/tex/latex/colortbl/colortbl.sty
Package: colortbl 2022/06/20 v1.0f Color table columns (DPC)
\everycr=\toks22
\minrowclearance=\skip55
\rownum=\count266
)
(./longtable_doxygen.sty
Package: longtable_doxygen 2014/10/28 v4.11 Multi-page Table package (DPC) - fr
ozen version for doxygen
\LTleft=\skip56
\LTright=\skip57
\LTpre=\skip58
\LTpost=\skip59
\LTchunksize=\count267
\LTcapwidth=\dimen145
\LT@head=\box53
\LT@firsthead=\box54
\LT@foot=\box55
\LT@lastfoot=\box56
\LT@cols=\count268
\LT@rows=\count269
\c@LT@tables=\count270
\c@LT@chunks=\count271
\LT@p@ftn=\toks23
) (./tabu_doxygen.sty
Package: tabu_doxygen 2011/02/26 v2.8 - flexible LaTeX tabulars (FC), frozen ve
rsion for doxygen

(/usr/share/texlive/texmf-dist/tex/latex/varwidth/varwidth.sty
Package: varwidth 2009/03/30 ver 0.92;  Variable-width minipages
\@vwid@box=\box57
\sift@deathcycles=\count272
\@vwid@loff=\dimen146
\@vwid@roff=\dimen147
)
\c@taburow=\count273
\tabu@nbcols=\count274
\tabu@cnt=\count275
\tabu@Xcol=\count276
\tabu@alloc=\count277
\tabu@nested=\count278
\tabu@target=\dimen148
\tabu@spreadtarget=\dimen149
\tabu@naturalX=\dimen150
\tabucolX=\dimen151
\tabu@Xsum=\dimen152
\extrarowdepth=\dimen153
\abovetabulinesep=\dimen154
\belowtabulinesep=\dimen155
\tabustrutrule=\dimen156
\tabu@thebody=\toks24
\tabu@footnotes=\toks25
\tabu@box=\box58
\tabu@arstrutbox=\box59
\tabu@hleads=\box60
\tabu@vleads=\box61
\tabu@cellskip=\skip60
)
(/usr/share/texlive/texmf-dist/tex/latex/fancyvrb/fancyvrb.sty
Package: fancyvrb 2024/01/20 4.5c verbatim text (tvz,hv)

(/usr/share/texlive/texmf-dist/tex/latex/graphics/keyval.sty
Package: keyval 2022/05/29 v1.15 key=value parser (DPC)
\KV@toks@=\toks26
)
\FV@CodeLineNo=\count279
\FV@InFile=\read3
\FV@TabBox=\box62
\c@FancyVerbLine=\count280
\FV@StepNumber=\count281
\FV@OutFile=\write3
)
(/usr/share/texlive/texmf-dist/tex/latex/tools/tabularx.sty
Package: tabularx 2023/07/08 v2.11c `tabularx' package (DPC)
\TX@col@width=\dimen157
\TX@old@table=\dimen158
\TX@old@col=\dimen159
\TX@target=\dimen160
\TX@delta=\dimen161
\TX@cols=\count282
\TX@ftn=\toks27
)
(/usr/share/texlive/texmf-dist/tex/latex/tools/multicol.sty
Package: multicol 2023/03/30 v1.9f multicolumn formatting (FMi)
\c@tracingmulticols=\count283
\mult@box=\box63
\multicol@leftmargin=\dimen162
\c@unbalance=\count284
\c@collectmore=\count285
\doublecol@number=\count286
\multicoltolerance=\count287
\multicolpretolerance=\count288
\full@width=\dimen163
\page@free=\dimen164
\premulticols=\dimen165
\postmulticols=\dimen166
\multicolsep=\skip61
\multicolbaselineskip=\skip62
\partial@page=\box64
\last@line=\box65
\mc@boxedresult=\box66
\maxbalancingoverflow=\dimen167
\mult@rightbox=\box67
\mult@grightbox=\box68
\mult@firstbox=\box69
\mult@gfirstbox=\box70
\@tempa=\box71
\@tempa=\box72
\@tempa=\box73
\@tempa=\box74
\@tempa=\box75
\@tempa=\box76
\@tempa=\box77
\@tempa=\box78
\@tempa=\box79
\@tempa=\box80
\@tempa=\box81
\@tempa=\box82
\@tempa=\box83
\@tempa=\box84
\@tempa=\box85
\@tempa=\box86
\@tempa=\box87
\@tempa=\box88
\@tempa=\box89
\@tempa=\box90
\@tempa=\box91
\@tempa=\box92
\@tempa=\box93
\@tempa=\box94
\@tempa=\box95
\@tempa=\box96
\@tempa=\box97
\@tempa=\box98
\@tempa=\box99
\@tempa=\box100
\@tempa=\box101
\@tempa=\box102
\@tempa=\box103
\@tempa=\box104
\@tempa=\box105
\@tempa=\box106
\c@minrows=\count289
\c@columnbadness=\count290
\c@finalcolumnbadness=\count291
\last@try=\dimen168
\multicolovershoot=\dimen169
\multicolundershoot=\dimen170
\mult@nat@firstbox=\box107
\colbreak@box=\box108
\mc@col@check@num=\count292
)
(/usr/share/texlive/texmf-dist/tex/latex/multirow/multirow.sty
Package: multirow 2021/03/15 v2.8 Span multiple rows of a table
\multirow@colwidth=\skip63
\multirow@cntb=\count293
\multirow@dima=\skip64
\bigstrutjot=\dimen171
)
(/usr/share/texlive/texmf-dist/tex/latex/hanging/hanging.sty
Package: hanging 2009/09/02 v1.2b hanging paragraphs and punctuation
\h@ngcommawd=\skip65
\h@ngfstopwd=\skip66
\h@ngquotewd=\skip67
\h@ngdquotewd=\skip68
\h@ngquerywd=\skip69
\h@ngexclwd=\skip70
\h@ngcolonwd=\skip71
\h@ngscolonwd=\skip72
)
(/usr/share/texlive/texmf-dist/tex/generic/iftex/ifpdf.sty
Package: ifpdf 2019/10/25 v3.4 ifpdf legacy package. Use iftex instead.

(/usr/share/texlive/texmf-dist/tex/generic/iftex/iftex.sty
Package: iftex 2022/02/03 v1.0f TeX engine tests
))
(/usr/share/texlive/texmf-dist/tex/latex/adjustbox/adjustbox.sty
Package: adjustbox 2022/10/17 v1.3a Adjusting TeX boxes (trim, clip, ...)

(/usr/share/texlive/texmf-dist/tex/latex/xkeyval/xkeyval.sty
Package: xkeyval 2022/06/16 v2.9 package option processing (HA)

(/usr/share/texlive/texmf-dist/tex/generic/xkeyval/xkeyval.tex
(/usr/share/texlive/texmf-dist/tex/generic/xkeyval/xkvutils.tex
\XKV@toks=\toks28
\XKV@tempa@toks=\toks29
)
\XKV@depth=\count294
File: xkeyval.tex 2014/12/03 v2.7a key=value parser (HA)
))
(/usr/share/texlive/texmf-dist/tex/latex/adjustbox/adjcalc.sty
Package: adjcalc 2012/05/16 v1.1 Provides advanced setlength with multiple back
-ends (calc, etex, pgfmath)
)
(/usr/share/texlive/texmf-dist/tex/latex/adjustbox/trimclip.sty
Package: trimclip 2020/08/19 v1.2 Trim and clip general TeX material

(/usr/share/texlive/texmf-dist/tex/latex/graphics/graphicx.sty
Package: graphicx 2021/09/16 v1.2d Enhanced LaTeX Graphics (DPC,SPQR)

(/usr/share/texlive/texmf-dist/tex/latex/graphics/graphics.sty
Package: graphics 2022/03/10 v1.4e Standard LaTeX Graphics (DPC,SPQR)

(/usr/share/texlive/texmf-dist/tex/latex/graphics/trig.sty
Package: trig 2021/08/11 v1.11 sin cos tan (DPC)
)
(/usr/share/texlive/texmf-dist/tex/latex/graphics-cfg/graphics.cfg
File: graphics.cfg 2016/06/04 v1.11 sample graphics configuration
)
Package graphics Info: Driver file: pdftex.def on input line 107.
)
\Gin@req@height=\dimen172
\Gin@req@width=\dimen173
)
(/usr/share/texlive/texmf-dist/tex/latex/collectbox/collectbox.sty
Package: collectbox 2022/10/17 v0.4c Collect macro arguments as boxes
\collectedbox=\box109
)
\tc@llx=\dimen174
\tc@lly=\dimen175
\tc@urx=\dimen176
\tc@ury=\dimen177
Package trimclip Info: Using driver 'tc-pdftex.def'.

(/usr/share/texlive/texmf-dist/tex/latex/adjustbox/tc-pdftex.def
File: tc-pdftex.def 2019/01/04 v2.2 Clipping driver for pdftex
))
\adjbox@Width=\dimen178
\adjbox@Height=\dimen179
\adjbox@Depth=\dimen180
\adjbox@Totalheight=\dimen181
\adjbox@pwidth=\dimen182
\adjbox@pheight=\dimen183
\adjbox@pdepth=\dimen184
\adjbox@ptotalheight=\dimen185

(/usr/share/texlive/texmf-dist/tex/latex/ifoddpage/ifoddpage.sty
Package: ifoddpage 2022/10/18 v1.2 Conditionals for odd/even page detection
\c@checkoddpage=\count295
))
(/usr/share/texlive/texmf-dist/tex/latex/amsfonts/amssymb.sty
Package: amssymb 2013/01/14 v3.01 AMS font symbols

(/usr/share/texlive/texmf-dist/tex/latex/amsfonts/amsfonts.sty
Package: amsfonts 2013/01/14 v3.01 Basic AMSFonts support
\@emptytoks=\toks30
\symAMSa=\mathgroup4
\symAMSb=\mathgroup5
LaTeX Font Info:    Redeclaring math symbol \hbar on input line 98.
LaTeX Font Info:    Overwriting math alphabet `\mathfrak' in version `bold'
(Font)                  U/euf/m/n --> U/euf/b/n on input line 106.
))
(/usr/share/texlive/texmf-dist/tex/latex/stackengine/stackengine.sty
Package: stackengine 2021/07/22 v4.11\ Stacking text and objects in convenient 
ways

(/usr/share/texlive/texmf-dist/tex/latex/etoolbox/etoolbox.sty
Package: etoolbox 2020/10/05 v2.5k e-TeX tools for LaTeX (JAW)
\etb@tempcnta=\count296
)
(/usr/share/texlive/texmf-dist/tex/generic/listofitems/listofitems.sty
(/usr/share/texlive/texmf-dist/tex/generic/listofitems/listofitems.tex
\loi_cnt_foreach_nest=\count297
\loi_nestcnt=\count298
)
Package: listofitems 2019/08/21 v1.63 Grab items in lists using user-specified 
sep char (CT)
)
\c@@stackindex=\count299
\@boxshift=\skip73
\stack@tmplength=\skip74
\temp@stkl=\skip75
\@stackedboxwidth=\skip76
\@addedbox=\box110
\@anchorbox=\box111
\@insetbox=\box112
\se@backgroundbox=\box113
\stackedbox=\box114
\@centerbox=\box115
\c@ROWcellindex@=\count300
)
(/usr/share/texlive/texmf-dist/tex/latex/enumitem/enumitem.sty
Package: enumitem 2019/06/20 v3.9 Customized lists
\labelindent=\skip77
\enit@outerparindent=\dimen186
\enit@toks=\toks31
\enit@inbox=\box116
\enit@count@id=\count301
\enitdp@description=\count302
)
(/usr/share/texlive/texmf-dist/tex/generic/alphalph/alphalph.sty
Package: alphalph 2019/12/09 v2.6 Convert numbers to letters (HO)

(/usr/share/texlive/texmf-dist/tex/generic/intcalc/intcalc.sty
Package: intcalc 2019/12/15 v1.3 Expandable calculations with integers (HO)
))
(/usr/share/texlive/texmf-dist/tex/generic/ulem/ulem.sty
\UL@box=\box117
\UL@hyphenbox=\box118
\UL@skip=\skip78
\UL@hook=\toks32
\UL@height=\dimen187
\UL@pe=\count303
\UL@pixel=\dimen188
\ULC@box=\box119
Package: ulem 2019/11/18
\ULdepth=\dimen189
)
\xrefbox=\box120
\xreflength=\skip79
\CodeWidthChar=\skip80
\CodeHeightChar=\skip81
\DoxyCodeWidth=\skip82
\c@DoxyEnumeratei=\count304
\c@DoxyEnumerateii=\count305
\c@DoxyEnumerateiii=\count306
\c@DoxyEnumerateiv=\count307
\c@DoxyEnumeratev=\count308
\c@DoxyEnumeratevi=\count309
\c@DoxyEnumeratevii=\count310
\c@DoxyEnumerateviii=\count311
\c@DoxyEnumerateix=\count312
\c@DoxyEnumeratex=\count313
\c@DoxyEnumeratexi=\count314
\c@DoxyEnumeratexii=\count315
\enitdp@DoxyEnumerate=\count316
\enitdp@DoxyItemize=\count317
\c@subsubsubsection=\count318
\c@subsubsubsubsection=\count319
\c@subsubsubsubsubsection=\count320
\c@subsubsubsubsubsubsection=\count321
)
(/usr/share/texlive/texmf-dist/tex/latex/base/inputenc.sty
Package: inputenc 2021/02/14 v1.3d Input encoding file
\inpenc@prehook=\toks33
\inpenc@posthook=\toks34
)
(/usr/share/texlive/texmf-dist/tex/latex/base/makeidx.sty
Package: makeidx 2021/10/04 v1.0m Standard LaTeX package
)
(/usr/share/texlive/texmf-dist/tex/latex/base/textcomp.sty
Package: textcomp 2020/02/02 v2.0n Standard LaTeX package
)
(/usr/share/texlive/texmf-dist/tex/latex/wasysym/wasysym.sty
Package: wasysym 2020/01/19 v2.4 Wasy-2 symbol support package
\symwasy=\mathgroup6
LaTeX Font Info:    Overwriting symbol font `wasy' in version `bold'
(Font)                  U/wasy/m/n --> U/wasy/b/n on input line 93.
)
(/usr/share/texlive/texmf-dist/tex/generic/iftex/ifxetex.sty
Package: ifxetex 2019/10/25 v0.7 ifxetex legacy package. Use iftex instead.
)
(/usr/share/texlive/texmf-dist/tex/latex/base/fontenc.sty
Package: fontenc 2021/04/29 v2.0v Standard LaTeX package
)
(/usr/share/texlive/texmf-dist/tex/latex/psnfss/helvet.sty
Package: helvet 2020/03/25 PSNFSS-v9.3 (WaS) 
)
(/usr/share/texlive/texmf-dist/tex/latex/psnfss/courier.sty
Package: courier 2020/03/25 PSNFSS-v9.3 (WaS) 
)
(/usr/share/texlive/texmf-dist/tex/latex/geometry/geometry.sty
Package: geometry 2020/01/02 v5.9 Page Geometry

(/usr/share/texlive/texmf-dist/tex/generic/iftex/ifvtex.sty
Package: ifvtex 2019/10/25 v1.7 ifvtex legacy package. Use iftex instead.
)
\Gm@cnth=\count322
\Gm@cntv=\count323
\c@Gm@tempcnt=\count324
\Gm@bindingoffset=\dimen190
\Gm@wd@mp=\dimen191
\Gm@odd@mp=\dimen192
\Gm@even@mp=\dimen193
\Gm@layoutwidth=\dimen194
\Gm@layoutheight=\dimen195
\Gm@layouthoffset=\dimen196
\Gm@layoutvoffset=\dimen197
\Gm@dimlist=\toks35
)
(/usr/share/texlive/texmf-dist/tex/latex/changepage/changepage.sty
Package: changepage 2009/10/20 v1.0c check page and change page layout
\c@cp@cntr=\count325
\cp@tempcnt=\count326
LaTeX Info: Redefining \checkoddpage on input line 59.
)
(/usr/share/texlive/texmf-dist/tex/latex/fancyhdr/fancyhdr.sty
Package: fancyhdr 2022/11/09 v4.1 Extensive control of page headers and footers

\f@nch@headwidth=\skip83
\f@nch@O@elh=\skip84
\f@nch@O@erh=\skip85
\f@nch@O@olh=\skip86
\f@nch@O@orh=\skip87
\f@nch@O@elf=\skip88
\f@nch@O@erf=\skip89
\f@nch@O@olf=\skip90
\f@nch@O@orf=\skip91
)
(/usr/share/texlive/texmf-dist/tex/latex/natbib/natbib.sty
Package: natbib 2010/09/13 8.31b (PWD, AO)
\bibhang=\skip92
\bibsep=\skip93
LaTeX Info: Redefining \cite on input line 694.
\c@NAT@ctr=\count327
)
(/usr/share/texlive/texmf-dist/tex/latex/tocloft/tocloft.sty
Package: tocloft 2017/08/31 v2.3i parameterised ToC, etc., typesetting
Package tocloft Info: The document has chapter divisions on input line 51.
\cftparskip=\skip94
\cftbeforetoctitleskip=\skip95
\cftaftertoctitleskip=\skip96
\cftbeforepartskip=\skip97
\cftpartnumwidth=\skip98
\cftpartindent=\skip99
\cftbeforechapskip=\skip100
\cftchapindent=\skip101
\cftchapnumwidth=\skip102
\cftbeforesecskip=\skip103
\cftsecindent=\skip104
\cftsecnumwidth=\skip105
\cftbeforesubsecskip=\skip106
\cftsubsecindent=\skip107
\cftsubsecnumwidth=\skip108
\cftbeforesubsubsecskip=\skip109
\cftsubsubsecindent=\skip110
\cftsubsubsecnumwidth=\skip111
\cftbeforeparaskip=\skip112
\cftparaindent=\skip113
\cftparanumwidth=\skip114
\cftbeforesubparaskip=\skip115
\cftsubparaindent=\skip116
\cftsubparanumwidth=\skip117
\cftbeforeloftitleskip=\skip118
\cftafterloftitleskip=\skip119
\cftbeforefigskip=\skip120
\cftfigindent=\skip121
\cftfignumwidth=\skip122
\c@lofdepth=\count328
\c@lotdepth=\count329
\cftbeforelottitleskip=\skip123
\cftafterlottitleskip=\skip124
\cftbeforetabskip=\skip125
\cfttabindent=\skip126
\cfttabnumwidth=\skip127
)
\@indexfile=\write4
\openout4 = `refman.idx'.


Writing index file refman.idx
(/usr/share/texlive/texmf-dist/tex/latex/newunicodechar/newunicodechar.sty
Package: newunicodechar 2018/04/08 v1.2 Defining Unicode characters
)
(/usr/share/texlive/texmf-dist/tex/latex/hyperref/hyperref.sty
Package: hyperref 2024-01-20 v7.01h Hypertext links for LaTeX

(/usr/share/texlive/texmf-dist/tex/latex/kvsetkeys/kvsetkeys.sty
Package: kvsetkeys 2022-10-05 v1.19 Key value parser (HO)
)
(/usr/share/texlive/texmf-dist/tex/generic/kvdefinekeys/kvdefinekeys.sty
Package: kvdefinekeys 2019-12-19 v1.6 Define keys (HO)
)
(/usr/share/texlive/texmf-dist/tex/generic/pdfescape/pdfescape.sty
Package: pdfescape 2019/12/09 v1.15 Implements pdfTeX's escape features (HO)

(/usr/share/texlive/texmf-dist/tex/generic/ltxcmds/ltxcmds.sty
Package: ltxcmds 2023-12-04 v1.26 LaTeX kernel commands for general use (HO)
)
(/usr/share/texlive/texmf-dist/tex/generic/pdftexcmds/pdftexcmds.sty
Package: pdftexcmds 2020-06-27 v0.33 Utility functions of pdfTeX for LuaTeX (HO
)
Package pdftexcmds Info: \pdf@primitive is available.
Package pdftexcmds Info: \pdf@ifprimitive is available.
Package pdftexcmds Info: \pdfdraftmode found.
))
(/usr/share/texlive/texmf-dist/tex/latex/hycolor/hycolor.sty
Package: hycolor 2020-01-27 v1.10 Color options for hyperref/bookmark (HO)
)
(/usr/share/texlive/texmf-dist/tex/latex/auxhook/auxhook.sty
Package: auxhook 2019-12-17 v1.6 Hooks for auxiliary files (HO)
)
(/usr/share/texlive/texmf-dist/tex/latex/hyperref/nameref.sty
Package: nameref 2023-11-26 v2.56 Cross-referencing by name of section

(/usr/share/texlive/texmf-dist/tex/latex/refcount/refcount.sty
Package: refcount 2019/12/15 v3.6 Data extraction from label references (HO)
)
(/usr/share/texlive/texmf-dist/tex/generic/gettitlestring/gettitlestring.sty
Package: gettitlestring 2019/12/15 v1.6 Cleanup title references (HO)

(/usr/share/texlive/texmf-dist/tex/latex/kvoptions/kvoptions.sty
Package: kvoptions 2022-06-15 v3.15 Key value format for package options (HO)
))
\c@section@level=\count330
)
\@linkdim=\dimen198
\Hy@linkcounter=\count331
\Hy@pagecounter=\count332

(/usr/share/texlive/texmf-dist/tex/latex/hyperref/pd1enc.def
File: pd1enc.def 2024-01-20 v7.01h Hyperref: PDFDocEncoding definition (HO)
Now handling font encoding PD1 ...
... no UTF-8 mapping file for font encoding PD1
)
\Hy@SavedSpaceFactor=\count333

(/usr/share/texlive/texmf-dist/tex/latex/hyperref/puenc.def
File: puenc.def 2024-01-20 v7.01h Hyperref: PDF Unicode definition (HO)
Now handling font encoding PU ...
... no UTF-8 mapping file for font encoding PU
)
Package hyperref Info: Hyper figures OFF on input line 4179.
Package hyperref Info: Link nesting OFF on input line 4184.
Package hyperref Info: Hyper index ON on input line 4187.
Package hyperref Info: Plain pages OFF on input line 4194.
Package hyperref Info: Backreferencing ON on input line 4197.
Package hyperref Info: Implicit mode ON; LaTeX internals redefined.
Package hyperref Info: Bookmarks ON on input line 4446.

(/usr/share/texlive/texmf-dist/tex/latex/hyperref/backref.sty
Package: backref 2023-11-26 v1.44 Bibliographical back referencing

(/usr/share/texlive/texmf-dist/tex/latex/rerunfilecheck/rerunfilecheck.sty
Package: rerunfilecheck 2022-07-10 v1.10 Rerun checks for auxiliary files (HO)

(/usr/share/texlive/texmf-dist/tex/latex/base/atveryend-ltx.sty
Package: atveryend-ltx 2020/08/19 v1.0a Emulation of the original atveryend pac
kage
with kernel methods
)
(/usr/share/texlive/texmf-dist/tex/generic/uniquecounter/uniquecounter.sty
Package: uniquecounter 2019/12/15 v1.4 Provide unlimited unique counter (HO)

(/usr/share/texlive/texmf-dist/tex/generic/bigintcalc/bigintcalc.sty
Package: bigintcalc 2019/12/15 v1.5 Expandable calculations on big integers (HO
)
))
Package uniquecounter Info: New unique counter `rerunfilecheck' on input line 2
85.
))
\c@Hy@tempcnt=\count334

(/usr/share/texlive/texmf-dist/tex/latex/url/url.sty
\Urlmuskip=\muskip16
Package: url 2013/09/16  ver 3.4  Verb mode for urls, etc.
)
LaTeX Info: Redefining \url on input line 4784.
\XeTeXLinkMargin=\dimen199

(/usr/share/texlive/texmf-dist/tex/generic/bitset/bitset.sty
Package: bitset 2019/12/09 v1.3 Handle bit-vector datatype (HO)
)
\Fld@menulength=\count335
\Field@Width=\dimen256
\Fld@charsize=\dimen257
Package hyperref Info: Hyper figures OFF on input line 6063.
Package hyperref Info: Link nesting OFF on input line 6068.
Package hyperref Info: Hyper index ON on input line 6071.
Package hyperref Info: backreferencing ON on input line 6076.
Package hyperref Info: Link coloring OFF on input line 6083.
Package hyperref Info: Link coloring with OCG OFF on input line 6088.
Package hyperref Info: PDF/A mode OFF on input line 6093.

(/usr/share/texlive/texmf-dist/tex/latex/base/atbegshi-ltx.sty
Package: atbegshi-ltx 2021/01/10 v1.0c Emulation of the original atbegshi
package with kernel methods
)
\Hy@abspage=\count336
\c@Item=\count337
\c@Hfootnote=\count338
)
Package hyperref Info: Driver: hpdftex.

(/usr/share/texlive/texmf-dist/tex/latex/hyperref/hpdftex.def
File: hpdftex.def 2024-01-20 v7.01h Hyperref driver for pdfTeX
\Fld@listcount=\count339
\c@bookmark@seq@number=\count340
\Hy@SectionHShift=\skip128
)
Package hyperref Info: Option `colorlinks' set `true' on input line 161.
Package hyperref Info: Option `unicode' set `true' on input line 161.

(/usr/share/texlive/texmf-dist/tex/latex/caption/caption.sty
Package: caption 2023/08/05 v3.6o Customizing captions (AR)

(/usr/share/texlive/texmf-dist/tex/latex/caption/caption3.sty
Package: caption3 2023/07/31 v2.4d caption3 kernel (AR)
\caption@tempdima=\dimen258
\captionmargin=\dimen259
\caption@leftmargin=\dimen260
\caption@rightmargin=\dimen261
\caption@width=\dimen262
\caption@indent=\dimen263
\caption@parindent=\dimen264
\caption@hangindent=\dimen265
Package caption Info: Standard document class detected.
)
\c@caption@flags=\count341
\c@continuedfloat=\count342
Package caption Info: changepage package is loaded.
\caption@adjustwidth@hsize=\dimen266
\caption@adjustwidth@linewidth=\dimen267
Package caption Info: float package is loaded.
Package caption Info: hyperref package is loaded.
Package caption Info: longtable package is loaded.

(/usr/share/texlive/texmf-dist/tex/latex/caption/ltcaption.sty
Package: ltcaption 2021/01/08 v1.4c longtable captions (AR)
))
(/usr/share/texlive/texmf-dist/tex/latex/etoc/etoc.sty
Package: etoc 2023/10/29 v1.2d Completely customisable TOCs (JFB)
\Etoc@toctoks=\toks36
\c@etoc@tocid=\count343
\etoc@framed@titlebox=\box121
\etoc@framed@contentsbox=\box122
)
LaTeX Font Info:    Trying to load font information for T1+phv on input line 18
3.

(/usr/share/texlive/texmf-dist/tex/latex/psnfss/t1phv.fd
File: t1phv.fd 2020/03/25 scalable font definitions for T1/phv.
)
LaTeX Font Info:    Font shape `T1/phv/m/n' will be
(Font)              scaled to size 8.99994pt on input line 183.

(/usr/share/texlive/texmf-dist/tex/latex/l3backend/l3backend-pdftex.def
File: l3backend-pdftex.def 2024-01-04 L3 backend support: PDF output (pdfTeX)
\l__color_backend_stack_int=\count344
\l__pdf_internal_box=\box123
)
(./refman.aux

LaTeX Warning: Label `namespaceDiscovery_afcd9f3f89bf54bf9ece85c7b0ca50565' mul
tiply defined.


LaTeX Warning: Label `namespaceDiscovery_a8e8508712d24c5486cfcb1bb3e259cda' mul
tiply defined.


LaTeX Warning: Label `namespaceDiscovery_a458c52fe0a64af98309f6983f84f8612' mul
tiply defined.


LaTeX Warning: Label `namespaceDiscovery_aa2faeb203425957638731befe3194df7' mul
tiply defined.


LaTeX Warning: Label `namespaceDiscovery_a51504b45d78f00a2fc9a08193ba14fdc' mul
tiply defined.


LaTeX Warning: Label `namespaceDiscovery_a32efd2770870ecc472c721ef7d9311ae' mul
tiply defined.

)
\openout1 = `refman.aux'.

LaTeX Font Info:    Checking defaults for OML/cmm/m/it on input line 183.
LaTeX Font Info:    ... okay on input line 183.
LaTeX Font Info:    Checking defaults for OMS/cmsy/m/n on input line 183.
LaTeX Font Info:    ... okay on input line 183.
LaTeX Font Info:    Checking defaults for OT1/cmr/m/n on input line 183.
LaTeX Font Info:    ... okay on input line 183.
LaTeX Font Info:    Checking defaults for T1/cmr/m/n on input line 183.
LaTeX Font Info:    ... okay on input line 183.
LaTeX Font Info:    Checking defaults for TS1/cmr/m/n on input line 183.
LaTeX Font Info:    ... okay on input line 183.
LaTeX Font Info:    Checking defaults for OMX/cmex/m/n on input line 183.
LaTeX Font Info:    ... okay on input line 183.
LaTeX Font Info:    Checking defaults for U/cmr/m/n on input line 183.
LaTeX Font Info:    ... okay on input line 183.
LaTeX Font Info:    Checking defaults for PD1/pdf/m/n on input line 183.
LaTeX Font Info:    ... okay on input line 183.
LaTeX Font Info:    Checking defaults for PU/pdf/m/n on input line 183.
LaTeX Font Info:    ... okay on input line 183.
 (/usr/share/texlive/texmf-dist/tex/context/base/mkii/supp-pdf.mkii
[Loading MPS to PDF converter (version 2006.09.02).]
\scratchcounter=\count345
\scratchdimen=\dimen268
\scratchbox=\box124
\nofMPsegments=\count346
\nofMParguments=\count347
\everyMPshowfont=\toks37
\MPscratchCnt=\count348
\MPscratchDim=\dimen269
\MPnumerator=\count349
\makeMPintoPDFobject=\count350
\everyMPtoPDFconversion=\toks38
) (/usr/share/texlive/texmf-dist/tex/latex/epstopdf-pkg/epstopdf-base.sty
Package: epstopdf-base 2020-01-24 v2.11 Base part for package epstopdf
Package epstopdf-base Info: Redefining graphics rule for `.eps' on input line 4
85.

(/usr/share/texlive/texmf-dist/tex/latex/latexconfig/epstopdf-sys.cfg
File: epstopdf-sys.cfg 2010/07/13 v1.3 Configuration of (r)epstopdf for TeX Liv
e
))
*geometry* driver: auto-detecting
*geometry* detected driver: pdftex
*geometry* verbose mode - [ preamble ] result:
* driver: pdftex
* paper: a4paper
* layout: <same size as paper>
* layoutoffset:(h,v)=(0.0pt,0.0pt)
* modes: twoside 
* h-part:(L,W,R)=(71.13188pt, 455.24411pt, 71.13188pt)
* v-part:(T,H,B)=(71.13188pt, 702.78308pt, 71.13188pt)
* \paperwidth=597.50787pt
* \paperheight=845.04684pt
* \textwidth=455.24411pt
* \textheight=702.78308pt
* \oddsidemargin=-1.1381pt
* \evensidemargin=-1.1381pt
* \topmargin=-31.2056pt
* \headheight=12.0pt
* \headsep=18.06749pt
* \topskip=10.0pt
* \footskip=25.29494pt
* \marginparwidth=125.0pt
* \marginparsep=7.0pt
* \columnsep=10.0pt
* \skip\footins=9.0pt plus 4.0pt minus 2.0pt
* \hoffset=0.0pt
* \voffset=0.0pt
* \mag=1000
* \@twocolumnfalse
* \@twosidetrue
* \@mparswitchtrue
* \@reversemarginfalse
* (1in=72.27pt=25.4mm, 1cm=28.453pt)

Package backref Info: ** backref set up for natbib ** on input line 183.
Package hyperref Info: Link coloring ON on input line 183.
(./refman.out) (./refman.out)
\@outlinefile=\write5
\openout5 = `refman.out'.

Package caption Info: Begin \AtBeginDocument code.
Package caption Info: End \AtBeginDocument code.
\Etoc@tf=\read4
Package hyperref Info: Option `pageanchor' set `false' on input line 191.
Package hyperref Info: Option `bookmarksnumbered' set `true' on input line 191.

Package hyperref Info: Option `unicode' set `true' on input line 191.
LaTeX Font Info:    Font shape `T1/phv/m/n' will be
(Font)              scaled to size 12.9599pt on input line 196.
LaTeX Font Info:    Font shape `T1/phv/m/n' will be
(Font)              scaled to size 10.79993pt on input line 197.
LaTeX Font Info:    Font shape `T1/phv/m/n' will be
(Font)              scaled to size 6.29996pt on input line 197.
LaTeX Font Info:    Trying to load font information for U+msa on input line 197
.

(/usr/share/texlive/texmf-dist/tex/latex/amsfonts/umsa.fd
File: umsa.fd 2013/01/14 v3.01 AMS symbols A
)
LaTeX Font Info:    Trying to load font information for U+msb on input line 197
.

(/usr/share/texlive/texmf-dist/tex/latex/amsfonts/umsb.fd
File: umsb.fd 2013/01/14 v3.01 AMS symbols B
)
LaTeX Font Info:    Trying to load font information for U+wasy on input line 19
7.

(/usr/share/texlive/texmf-dist/tex/latex/wasysym/uwasy.fd
File: uwasy.fd 2020/01/19 v2.4 Wasy-2 symbol font definitions
) [1


{/var/lib/texmf/fonts/map/pdftex/updmap/pdftex.map}{/usr/share/texlive/texmf-di
st/fonts/enc/dvips/base/8r.enc}] [2

]
\tf@toc=\write6
\openout6 = `refman.toc'.

LaTeX Font Info:    Font shape `T1/phv/b/n' will be
(Font)              scaled to size 8.99994pt on input line 205.
LaTeX Font Info:    Font shape `T1/phv/b/n' will be
(Font)              scaled to size 6.29996pt on input line 205.
 [1]
LaTeX Font Info:    Font shape `T1/phv/m/n' will be
(Font)              scaled to size 7.19995pt on input line 205.
LaTeX Font Info:    Trying to load font information for T1+pcr on input line 20
5.
 (/usr/share/texlive/texmf-dist/tex/latex/psnfss/t1pcr.fd
File: t1pcr.fd 2001/06/04 font definitions for T1/pcr.
) [2] [3] [4] [5] [6]
Package hyperref Info: Option `pageanchor' set `true' on input line 208.

Chapter 1.
LaTeX Font Info:    Font shape `T1/phv/m/n' will be
(Font)              scaled to size 18.66588pt on input line 210.
LaTeX Font Info:    Font shape `T1/phv/b/n' will be
(Font)              scaled to size 18.66588pt on input line 210.
LaTeX Font Info:    Font shape `T1/phv/b/n' will be
(Font)              scaled to size 22.39185pt on input line 210.
(./namespaces.tex
LaTeX Font Info:    Font shape `T1/phv/b/n' will be
(Font)              scaled to size 12.9599pt on input line 1.
) [1


] [2

]
Chapter 2.
(./hierarchy.tex) [3] [4

]
Chapter 3.
(./annotated.tex) [5] [6

]
Chapter 4.
(./files.tex) [7] [8

]
Chapter 5.
(./namespaceCStringHelper.tex
LaTeX Font Info:    Trying to load font information for TS1+phv on input line 1
1.

(/usr/share/texlive/texmf-dist/tex/latex/psnfss/ts1phv.fd
File: ts1phv.fd 2020/03/25 scalable font definitions for TS1/phv.
)
LaTeX Font Info:    Font shape `TS1/phv/m/n' will be
(Font)              scaled to size 8.99994pt on input line 11.
LaTeX Font Info:    Font shape `T1/phv/m/n' will be
(Font)              scaled to size 8.09995pt on input line 12.
LaTeX Font Info:    Font shape `T1/phv/m/it' in size <9> not available
(Font)              Font shape `T1/phv/m/sl' tried instead on input line 12.
LaTeX Font Info:    Font shape `T1/phv/m/sl' will be
(Font)              scaled to size 8.09995pt on input line 12.
LaTeX Font Info:    Font shape `T1/phv/m/it' in size <7> not available
(Font)              Font shape `T1/phv/m/sl' tried instead on input line 12.
LaTeX Font Info:    Font shape `T1/phv/m/sl' will be
(Font)              scaled to size 6.29996pt on input line 12.
LaTeX Font Info:    Font shape `T1/phv/b/n' will be
(Font)              scaled to size 10.79993pt on input line 37.
LaTeX Font Info:    Font shape `T1/pcr/m/it' in size <8> not available
(Font)              Font shape `T1/pcr/m/sl' tried instead on input line 47.
 [9]
LaTeX Font Info:    Font shape `T1/pcr/m/it' in size <7> not available
(Font)              Font shape `T1/pcr/m/sl' tried instead on input line 85.
 [10] [11]
Underfull \hbox (badness 10000) detected at line 178
[][][]
 []


Underfull \hbox (badness 10000) detected at line 198
[][][]
 []

[12]
Underfull \hbox (badness 10000) detected at line 218
[][][]
 []


Underfull \hbox (badness 10000) detected at line 238
[][][]
 []

[13]
Underfull \hbox (badness 10000) detected at line 260
[][][]
 []


Underfull \hbox (badness 10000) detected at line 282
[][][]
 []

) (./namespaceDiscovery.tex [14]
Underfull \hbox (badness 10000) detected at line 86
[][][]
 []

[15]
Underfull \hbox (badness 10000) detected at line 106
[][][]
 []


Underfull \hbox (badness 10000) detected at line 126
[][][]
 []

[16]
Underfull \hbox (badness 10000) detected at line 146
[][][]
 []


Underfull \hbox (badness 10000) detected at line 166
[][][]
 []


Underfull \hbox (badness 10000) detected at line 186
[][][]
 []

[17]
Underfull \hbox (badness 10000) detected at line 223
[][][]
 []


Underfull \hbox (badness 10000) detected at line 243
[][][]
 []

[18]
Underfull \hbox (badness 10000) detected at line 263
[][][]
 []


Underfull \hbox (badness 10000) detected at line 285
[][][]
 []

[19]) (./namespaceMessageSerialization.tex
Underfull \hbox (badness 2726) in paragraph at lines 11--12
\T1/phv/m/n/10 void [] (const INTROSPECTION[]_[][]CPP[]_[][]MEMBER $\OMS/cmsy/m
/n/10 ^^C$\T1/phv/m/n/10 member, void $\OMS/cmsy/m/n/10 ^^C$\T1/phv/m/n/10 fiel
d, []
 []


Underfull \hbox (badness 783) in paragraph at lines 17--18
[] [] \T1/phv/m/n/10 ([] INTROSPECTION[]_[][]CPP[]_[][]MEMBER $\OMS/cmsy/m/n/10
 ^^C$[]\T1/phv/m/n/10 , [] $\OMS/cmsy/m/n/10 ^^C$[]\T1/phv/m/n/10 , []
 []


Underfull \hbox (badness 2856) in paragraph at lines 19--20
[] [] \T1/phv/m/n/10 ([] INTROSPECTION[]_[][]C[]_[][]MEMBER $\OMS/cmsy/m/n/10 ^
^C$[]\T1/phv/m/n/10 , [] $\OMS/cmsy/m/n/10 ^^C$[]\T1/phv/m/n/10 , []
 []

[20]
LaTeX Font Info:    Font shape `T1/phv/b/n' will be
(Font)              scaled to size 7.19995pt on input line 56.
 [21] [22]) [23] [24

]
Chapter 6.
(./classCircularQueue.tex <./classCircularQueue__inherit__graph.pdf>
<classCircularQueue__inherit__graph.pdf, id=1574, 216.81pt x 176.66pt>
File: classCircularQueue__inherit__graph.pdf Graphic file (type pdf)
<use classCircularQueue__inherit__graph.pdf>
Package pdftex.def Info: classCircularQueue__inherit__graph.pdf  used on input 
line 9.
(pdftex.def)             Requested size: 216.0pt x 176.00992pt.
 <./classCircularQueue__coll__graph.pdf>
<classCircularQueue__coll__graph.pdf, id=1582, 216.81pt x 176.66pt>
File: classCircularQueue__coll__graph.pdf Graphic file (type pdf)
<use classCircularQueue__coll__graph.pdf>
Package pdftex.def Info: classCircularQueue__coll__graph.pdf  used on input lin
e 18.
(pdftex.def)             Requested size: 216.0pt x 176.00992pt.
 [25]) (./classDesertClient.tex [26]
Underfull \hbox (badness 10000) detected at line 59
[][][]
 []


Underfull \hbox (badness 10000) detected at line 74
[][][]
 []


Underfull \hbox (badness 10000) detected at line 89
[][][]
 []


Underfull \hbox (badness 10000) detected at line 104
[][][]
 []


Underfull \hbox (badness 10000) detected at line 119
[][][]
 []

[27] [28]) (./classDesertGuardCondition.tex
Underfull \hbox (badness 10000) detected at line 30
[][][]
 []


Underfull \hbox (badness 10000) detected at line 45
[][][]
 []

) (./classDesertNode.tex [29]
Overfull \hbox (3.9776pt too wide) in paragraph at lines 3--3
[]\T1/phv/m/sl/10 namespace[] 
 []

[30] [31]
Underfull \hbox (badness 10000) detected at line 131
[][][]
 []

[32]) (./classDesertPublisher.tex [33]
Underfull \hbox (badness 10000) detected at line 53
[][][]
 []


Underfull \hbox (badness 10000) detected at line 68
[][][]
 []

[34]
Underfull \hbox (badness 10000) detected at line 83
[][][]
 []

) (./classDesertService.tex [35]
Underfull \hbox (badness 10000) detected at line 59
[][][]
 []


Underfull \hbox (badness 10000) detected at line 74
[][][]
 []

[36]
Underfull \hbox (badness 10000) detected at line 89
[][][]
 []


Underfull \hbox (badness 10000) detected at line 104
[][][]
 []


Underfull \hbox (badness 10000) detected at line 119
[][][]
 []

[37]) (./classDesertSubscriber.tex [38]
Underfull \hbox (badness 10000) detected at line 55
[][][]
 []


Underfull \hbox (badness 10000) detected at line 70
[][][]
 []


Underfull \hbox (badness 10000) detected at line 85
[][][]
 []

[39]
Underfull \hbox (badness 10000) detected at line 100
[][][]
 []

) (./classDesertWaitset.tex) (./structGenericCSequence.tex)
(./structrmw__context__impl__s.tex [40]) (./classcbor_1_1RxStream.tex [41]
[42] [43]
Underfull \hbox (badness 10000) detected at line 160
[][][]
 []


Underfull \hbox (badness 10000) detected at line 173
[][][]
 []


Underfull \hbox (badness 10000) detected at line 186
[][][]
 []

[44] [45] [46] [47] [48]) (./classTcpDaemon.tex [49]
Underfull \hbox (badness 10000) detected at line 64
[][][]
 []

) (./classTopicsConfig.tex
LaTeX Font Info:    Font shape `TS1/phv/m/it' in size <9> not available
(Font)              Font shape `TS1/phv/m/sl' tried instead on input line 9.
LaTeX Font Info:    Font shape `TS1/phv/m/sl' will be
(Font)              scaled to size 8.09995pt on input line 9.

Underfull \hbox (badness 10000) detected at line 27
[][][]
 []


Underfull \hbox (badness 10000) detected at line 42
[][][]
 []

[50]) (./classcbor_1_1TxStream.tex [51] [52]
Overfull \vbox (7.87244pt too high) has occurred while \output is active []


[53] [54] [55] [56] [57]) [58]
Chapter 7.
(./CBorStream_8h.tex <./CBorStream_8h__incl.pdf>
<CBorStream_8h__incl.pdf, id=2148, 859.21pt x 220.825pt>
File: CBorStream_8h__incl.pdf Graphic file (type pdf)
<use CBorStream_8h__incl.pdf>
Package pdftex.def Info: CBorStream_8h__incl.pdf  used on input line 20.
(pdftex.def)             Requested size: 350.0pt x 89.95253pt.
 <./CBorStream_8h__dep__incl.pdf>
<CBorStream_8h__dep__incl.pdf, id=2163, 705.63625pt x 309.155pt>
File: CBorStream_8h__dep__incl.pdf Graphic file (type pdf)
<use CBorStream_8h__dep__incl.pdf>
Package pdftex.def Info: CBorStream_8h__dep__incl.pdf  used on input line 27.
(pdftex.def)             Requested size: 350.0pt x 153.34117pt.
 [59

]
Underfull \hbox (badness 10000) detected at line 64
[][][]
 []

) (./CBorStream_8h_source.tex [60] [61] [62]) (./CStringHelper_8h.tex <./CStrin
gHelper_8h__dep__incl.pdf>
<CStringHelper_8h__dep__incl.pdf, id=2295, 566.115pt x 309.155pt>
File: CStringHelper_8h__dep__incl.pdf Graphic file (type pdf)
<use CStringHelper_8h__dep__incl.pdf>
Package pdftex.def Info: CStringHelper_8h__dep__incl.pdf  used on input line 12
.
(pdftex.def)             Requested size: 350.0pt x 191.14105pt.
 [63]
Underfull \hbox (badness 879) in paragraph at lines 37--38
[]\T1/phv/m/n/10 void [] (std[]::vector$\OML/cmm/m/it/10 <$ \T1/phv/m/n/10 std[
]::string $\OML/cmm/m/it/10 >$ \T1/phv/m/n/10 cpp[]_[]string[]_[]vector, void $
\OMS/cmsy/m/n/10 ^^C$\T1/phv/m/n/10 str[]_[]array,
 []


Underfull \hbox (badness 10000) detected at line 54
[][][]
 []

) (./CStringHelper_8h_source.tex [64]) (./demangle_8h.tex <./demangle_8h__incl.
pdf>
<demangle_8h__incl.pdf, id=2343, 859.21pt x 276.03125pt>
File: demangle_8h__incl.pdf Graphic file (type pdf)
<use demangle_8h__incl.pdf>
Package pdftex.def Info: demangle_8h__incl.pdf  used on input line 13.
(pdftex.def)             Requested size: 350.0pt x 112.44066pt.
 <./demangle_8h__dep__incl.pdf>
<demangle_8h__dep__incl.pdf, id=2359, 186.6975pt x 242.9075pt>
File: demangle_8h__dep__incl.pdf Graphic file (type pdf)
<use demangle_8h__dep__incl.pdf>
Package pdftex.def Info: demangle_8h__dep__incl.pdf  used on input line 20.
(pdftex.def)             Requested size: 186.0pt x 242.00992pt.
 [65]
pdfTeX warning (ext4): destination with the same identifier (name{namespaceDisc
overy_afcd9f3f89bf54bf9ece85c7b0ca50565}) has been already used, duplicate igno
red
<to be read again> 
                   \relax 
l.31 ...scovery_afcd9f3f89bf54bf9ece85c7b0ca50565}
                                                  \label{namespaceDiscovery_...

pdfTeX warning (ext4): destination with the same identifier (name{namespaceDisc
overy_a8e8508712d24c5486cfcb1bb3e259cda}) has been already used, duplicate igno
red
<to be read again> 
                   \relax 
l.37 ...scovery_a8e8508712d24c5486cfcb1bb3e259cda}
                                                  \label{namespaceDiscovery_...

pdfTeX warning (ext4): destination with the same identifier (name{namespaceDisc
overy_a458c52fe0a64af98309f6983f84f8612}) has been already used, duplicate igno
red
<to be read again> 
                   \relax 
l.59 ...scovery_a458c52fe0a64af98309f6983f84f8612}
                                                  \label{namespaceDiscovery_...

pdfTeX warning (ext4): destination with the same identifier (name{namespaceDisc
overy_aa2faeb203425957638731befe3194df7}) has been already used, duplicate igno
red
<to be read again> 
                   \relax 
l.62 ...scovery_aa2faeb203425957638731befe3194df7}
                                                  \label{namespaceDiscovery_...

pdfTeX warning (ext4): destination with the same identifier (name{namespaceDisc
overy_a51504b45d78f00a2fc9a08193ba14fdc}) has been already used, duplicate igno
red
<to be read again> 
                   \relax 
l.65 ...scovery_a51504b45d78f00a2fc9a08193ba14fdc}
                                                  \label{namespaceDiscovery_...
[66]
pdfTeX warning (ext4): destination with the same identifier (name{namespaceDisc
overy_a32efd2770870ecc472c721ef7d9311ae}) has been already used, duplicate igno
red
<to be read again> 
                   \relax 
l.68 ...scovery_a32efd2770870ecc472c721ef7d9311ae}
                                                  \label{namespaceDiscovery_...

Underfull \hbox (badness 10000) detected at line 78
[][][]
 []

) (./demangle_8h_source.tex [67]) (./DesertClient_8h.tex <./DesertClient_8h__in
cl.pdf>
<DesertClient_8h__incl.pdf, id=2409, 859.21pt x 331.2375pt>
File: DesertClient_8h__incl.pdf Graphic file (type pdf)
<use DesertClient_8h__incl.pdf>
Package pdftex.def Info: DesertClient_8h__incl.pdf  used on input line 14.
(pdftex.def)             Requested size: 350.0pt x 134.9288pt.
 <./DesertClient_8h__dep__incl.pdf>
<DesertClient_8h__dep__incl.pdf, id=2424, 186.6975pt x 176.66pt>
File: DesertClient_8h__dep__incl.pdf Graphic file (type pdf)
<use DesertClient_8h__dep__incl.pdf>
Package pdftex.def Info: DesertClient_8h__dep__incl.pdf  used on input line 21.

(pdftex.def)             Requested size: 186.0pt x 176.00722pt.
 [68]
Underfull \hbox (badness 10000) detected at line 36
[][][]
 []

) (./DesertClient_8h_source.tex [69]) (./DesertGuardCondition_8h.tex
Underfull \hbox (badness 10000) detected at line 20
[][][]
 []

) (./DesertGuardCondition_8h_source.tex [70]) (./DesertNode_8h.tex <./DesertNod
e_8h__incl.pdf>
<DesertNode_8h__incl.pdf, id=2476, 1262.7175pt x 386.44376pt>
File: DesertNode_8h__incl.pdf Graphic file (type pdf)
<use DesertNode_8h__incl.pdf>
Package pdftex.def Info: DesertNode_8h__incl.pdf  used on input line 19.
(pdftex.def)             Requested size: 350.0pt x 107.11263pt.

Underfull \hbox (badness 10000) detected at line 34
[][][]
 []

) (./DesertNode_8h_source.tex [71]) (./DesertPublisher_8h.tex [72] <./DesertPub
lisher_8h__incl.pdf>
<DesertPublisher_8h__incl.pdf, id=2536, 859.21pt x 331.2375pt>
File: DesertPublisher_8h__incl.pdf Graphic file (type pdf)
<use DesertPublisher_8h__incl.pdf>
Package pdftex.def Info: DesertPublisher_8h__incl.pdf  used on input line 14.
(pdftex.def)             Requested size: 350.0pt x 134.9288pt.
 <./DesertPublisher_8h__dep__incl.pdf>
<DesertPublisher_8h__dep__incl.pdf, id=2551, 186.6975pt x 176.66pt>
File: DesertPublisher_8h__dep__incl.pdf Graphic file (type pdf)
<use DesertPublisher_8h__dep__incl.pdf>
Package pdftex.def Info: DesertPublisher_8h__dep__incl.pdf  used on input line 
21.
(pdftex.def)             Requested size: 186.0pt x 176.00722pt.

Underfull \hbox (badness 10000) detected at line 36
[][][]
 []

) (./DesertPublisher_8h_source.tex [73]) (./DesertService_8h.tex <./DesertServi
ce_8h__incl.pdf>
<DesertService_8h__incl.pdf, id=2580, 859.21pt x 331.2375pt>
File: DesertService_8h__incl.pdf Graphic file (type pdf)
<use DesertService_8h__incl.pdf>
Package pdftex.def Info: DesertService_8h__incl.pdf  used on input line 14.
(pdftex.def)             Requested size: 350.0pt x 134.9288pt.
 [74] <./DesertService_8h__dep__incl.pdf>
<DesertService_8h__dep__incl.pdf, id=2600, 186.6975pt x 176.66pt>
File: DesertService_8h__dep__incl.pdf Graphic file (type pdf)
<use DesertService_8h__dep__incl.pdf>
Package pdftex.def Info: DesertService_8h__dep__incl.pdf  used on input line 21
.
(pdftex.def)             Requested size: 186.0pt x 176.00722pt.

Underfull \hbox (badness 10000) detected at line 36
[][][]
 []

) (./DesertService_8h_source.tex [75]) (./DesertSubscriber_8h.tex [76] <./Deser
tSubscriber_8h__incl.pdf>
<DesertSubscriber_8h__incl.pdf, id=2637, 859.21pt x 331.2375pt>
File: DesertSubscriber_8h__incl.pdf Graphic file (type pdf)
<use DesertSubscriber_8h__incl.pdf>
Package pdftex.def Info: DesertSubscriber_8h__incl.pdf  used on input line 14.
(pdftex.def)             Requested size: 350.0pt x 134.9288pt.
 <./DesertSubscriber_8h__dep__incl.pdf>
<DesertSubscriber_8h__dep__incl.pdf, id=2652, 191.71625pt x 176.66pt>
File: DesertSubscriber_8h__dep__incl.pdf Graphic file (type pdf)
<use DesertSubscriber_8h__dep__incl.pdf>
Package pdftex.def Info: DesertSubscriber_8h__dep__incl.pdf  used on input line
 21.
(pdftex.def)             Requested size: 191.0pt x 176.00992pt.

Underfull \hbox (badness 10000) detected at line 36
[][][]
 []

) (./DesertSubscriber_8h_source.tex [77]) (./DesertWaitSet_8h.tex [78]
Underfull \hbox (badness 10000) detected at line 20
[][][]
 []

) (./DesertWaitSet_8h_source.tex) (./Discovery_8h.tex <./Discovery_8h__incl.pdf
>
<Discovery_8h__incl.pdf, id=2692, 859.21pt x 331.2375pt>
File: Discovery_8h__incl.pdf Graphic file (type pdf)
<use Discovery_8h__incl.pdf>
Package pdftex.def Info: Discovery_8h__incl.pdf  used on input line 19.
(pdftex.def)             Requested size: 350.0pt x 134.9288pt.
 [79] <./Discovery_8h__dep__incl.pdf>
<Discovery_8h__dep__incl.pdf, id=2713, 186.6975pt x 176.66pt>
File: Discovery_8h__dep__incl.pdf Graphic file (type pdf)
<use Discovery_8h__dep__incl.pdf>
Package pdftex.def Info: Discovery_8h__dep__incl.pdf  used on input line 26.
(pdftex.def)             Requested size: 186.0pt x 176.00722pt.
 [80]
Underfull \hbox (badness 10000) detected at line 54
[][][]
 []

) (./Discovery_8h_source.tex) (./macros_8h.tex <./macros_8h__dep__incl.pdf>
<macros_8h__dep__incl.pdf, id=2750, 566.115pt x 309.155pt>
File: macros_8h__dep__incl.pdf Graphic file (type pdf)
<use macros_8h__dep__incl.pdf>
Package pdftex.def Info: macros_8h__dep__incl.pdf  used on input line 12.
(pdftex.def)             Requested size: 350.0pt x 191.14105pt.

[81]
Underfull \hbox (badness 10000) detected at line 27
[][][]
 []

) (./macros_8h_source.tex [82]) (./MessageSerialization_8h.tex <./MessageSerial
ization_8h__incl.pdf>
<MessageSerialization_8h__incl.pdf, id=2775, 859.21pt x 276.03125pt>
File: MessageSerialization_8h__incl.pdf Graphic file (type pdf)
<use MessageSerialization_8h__incl.pdf>
Package pdftex.def Info: MessageSerialization_8h__incl.pdf  used on input line 
15.
(pdftex.def)             Requested size: 350.0pt x 112.44066pt.
 [83] <./MessageSerialization_8h__dep__incl.pdf>
<MessageSerialization_8h__dep__incl.pdf, id=2797, 566.115pt x 242.9075pt>
File: MessageSerialization_8h__dep__incl.pdf Graphic file (type pdf)
<use MessageSerialization_8h__dep__incl.pdf>
Package pdftex.def Info: MessageSerialization_8h__dep__incl.pdf  used on input 
line 22.
(pdftex.def)             Requested size: 350.0pt x 150.18225pt.

Underfull \hbox (badness 10000) in paragraph at lines 46--48
[]\T1/phv/m/n/10 #define \T1/phv/b/n/10 INTROSPECTION[]_[][]C[]_[][]SERVICE[]_[
][]MEMBERS \T1/phv/m/n/10 rosidl[]_[]typesupport[]_[]introspection[]_[]c[]_[][]
_[][]Service[]
 []


Underfull \hbox (badness 3343) in paragraph at lines 49--50
[]\T1/phv/m/n/10 #define \T1/phv/b/n/10 INTROSPECTION[]_[][]CPP[]_[][]SERVICE[]
_[][]MEMBERS \T1/phv/m/n/10 rosidl[]_[]typesupport[]_[]introspection[]_[]cpp[]:
:[]Service[]
 []


Underfull \hbox (badness 853) in paragraph at lines 56--57
\T1/phv/m/n/10 void [] (const INTROSPECTION[]_[][]C[]_[][]MEMBER $\OMS/cmsy/m/n
/10 ^^C$\T1/phv/m/n/10 member, void $\OMS/cmsy/m/n/10 ^^C$\T1/phv/m/n/10 field,

 []

[84]
Underfull \hbox (badness 10000) detected at line 73
[][][]
 []

) (./MessageSerialization_8h_source.tex [85] [86] [87] [88] [89])
(./rmw__context__impl__s_8h.tex <./rmw__context__impl__s_8h__dep__incl.pdf>
<rmw__context__impl__s_8h__dep__incl.pdf, id=3181, 210.7875pt x 242.9075pt>
File: rmw__context__impl__s_8h__dep__incl.pdf Graphic file (type pdf)
<use rmw__context__impl__s_8h__dep__incl.pdf>
Package pdftex.def Info: rmw__context__impl__s_8h__dep__incl.pdf  used on input
 line 12.
(pdftex.def)             Requested size: 210.0pt x 242.00621pt.

[90]
Underfull \hbox (badness 10000) detected at line 27
[][][]
 []

) (./rmw__context__impl__s_8h_source.tex) (./TcpDaemon_8h.tex <./TcpDaemon_8h__
dep__incl.pdf>
<TcpDaemon_8h__dep__incl.pdf, id=3201, 705.63625pt x 375.4025pt>
File: TcpDaemon_8h__dep__incl.pdf Graphic file (type pdf)
<use TcpDaemon_8h__dep__incl.pdf>
Package pdftex.def Info: TcpDaemon_8h__dep__incl.pdf  used on input line 12.
(pdftex.def)             Requested size: 350.0pt x 186.2pt.
 [91]
Underfull \hbox (badness 10000) detected at line 45
[][][]
 []

) (./TcpDaemon_8h_source.tex [92]) (./TopicsConfig_8h.tex <./TopicsConfig_8h__i
ncl.pdf>
<TopicsConfig_8h__incl.pdf, id=3235, 186.6975pt x 165.61874pt>
File: TopicsConfig_8h__incl.pdf Graphic file (type pdf)
<use TopicsConfig_8h__incl.pdf>
Package pdftex.def Info: TopicsConfig_8h__incl.pdf  used on input line 13.
(pdftex.def)             Requested size: 186.0pt x 165.00676pt.
 [93] <./TopicsConfig_8h__dep__incl.pdf>
<TopicsConfig_8h__dep__incl.pdf, id=3255, 734.745pt x 375.4025pt>
File: TopicsConfig_8h__dep__incl.pdf Graphic file (type pdf)
<use TopicsConfig_8h__dep__incl.pdf>
Package pdftex.def Info: TopicsConfig_8h__dep__incl.pdf  used on input line 20.

(pdftex.def)             Requested size: 350.0pt x 178.82784pt.

Underfull \hbox (badness 10000) detected at line 35
[][][]
 []

) (./TopicsConfig_8h_source.tex [94]) [95] [96

] (./refman.ind
LaTeX Font Info:    Font shape `T1/phv/m/n' will be
(Font)              scaled to size 22.39185pt on input line 1.
 [97


] [98]
[99]) (./refman.aux)
 ***********
LaTeX2e <2023-11-01> patch level 1
L3 programming layer <2024-01-22>
 ***********


LaTeX Warning: There were multiply-defined labels.

Package rerunfilecheck Info: File `refman.out' has not changed.
(rerunfilecheck)             Checksum: F5822421F18BFE1E866A8EF75507849D;51388.
 ) 
Here is how much of TeX's memory you used:
 19589 strings out of 476182
 331217 string characters out of 5795595
 1956975 words of memory out of 5000000
 40449 multiletter control sequences out of 15000+600000
 617936 words of font info for 115 fonts, out of 8000000 for 9000
 14 hyphenation exceptions out of 8191
 101i,16n,117p,1263b,754s stack positions out of 10000i,1000n,20000p,200000b,200000s
</usr/share/texlive/texmf-dist/fonts/type1/public/amsfonts/cm/cmmi10.pfb></us
r/share/texlive/texmf-dist/fonts/type1/public/amsfonts/cm/cmmi12.pfb></usr/shar
e/texlive/texmf-dist/fonts/type1/public/amsfonts/cm/cmmi7.pfb></usr/share/texli
ve/texmf-dist/fonts/type1/public/amsfonts/cm/cmmi8.pfb></usr/share/texlive/texm
f-dist/fonts/type1/public/amsfonts/cm/cmsy10.pfb></usr/share/texlive/texmf-dist
/fonts/type1/public/amsfonts/cm/cmsy7.pfb></usr/share/texlive/texmf-dist/fonts/
type1/public/amsfonts/cm/cmsy8.pfb></usr/share/texlive/texmf-dist/fonts/type1/u
rw/courier/ucrb8a.pfb></usr/share/texlive/texmf-dist/fonts/type1/urw/courier/uc
rr8a.pfb></usr/share/texlive/texmf-dist/fonts/type1/urw/courier/ucrro8a.pfb></u
sr/share/texlive/texmf-dist/fonts/type1/urw/helvetic/uhvb8a.pfb></usr/share/tex
live/texmf-dist/fonts/type1/urw/helvetic/uhvb8ac.pfb></usr/share/texlive/texmf-
dist/fonts/type1/urw/helvetic/uhvr8a.pfb></usr/share/texlive/texmf-dist/fonts/t
ype1/urw/helvetic/uhvro8a.pfb>
Output written on refman.pdf (107 pages, 614476 bytes).
PDF statistics:
 3754 PDF objects out of 4296 (max. 8388607)
 3458 compressed objects within 35 object streams
 692 named destinations out of 1000 (max. 500000)
 1934 words of extra memory for PDF output out of 10000 (max. 10000000)

